
Showing logs for build [32mcb-kubecd-environment-pr-197-41-fddq8-1[0m stage [32mfrom-build-pack[0m and container [32mstep-credential-initializer-r5z2p[0m
{"level":"warn","ts":1586351529.767766,"logger":"fallback-logger","caller":"logging/config.go:69","msg":"Fetch GitHub commit ID from kodata failed: \"ref: refs/heads/0.8.0-**-support-backwards-incompats\" is not a valid GitHub commit ID"}
{"level":"info","ts":1586351529.7683814,"logger":"fallback-logger","caller":"creds-init/main.go:40","msg":"Credentials initialized."}

Showing logs for build [32mcb-kubecd-environment-pr-197-41-fddq8-1[0m stage [32mfrom-build-pack[0m and container [32mstep-working-dir-initializer-gg5bz[0m
{"level":"warn","ts":1586351530.7706823,"logger":"fallback-logger","caller":"logging/config.go:69","msg":"Fetch GitHub commit ID from kodata failed: open /var/run/ko/HEAD: no such file or directory"}
{"level":"info","ts":1586351530.7719934,"logger":"fallback-logger","caller":"bash/main.go:64","msg":"Successfully executed command \"sh -c mkdir -p /workspace/source\"; output "}

Showing logs for build [32mcb-kubecd-environment-pr-197-41-fddq8-1[0m stage [32mfrom-build-pack[0m and container [32mstep-place-tools[0m

Showing logs for build [32mcb-kubecd-environment-pr-197-41-fddq8-1[0m stage [32mfrom-build-pack[0m and container [32mstep-git-source-cb-kubecd-environment-pr-197-41-fddq8-pzq47[0m
{"level":"warn","ts":1586351535.0254636,"logger":"fallback-logger","caller":"logging/config.go:69","msg":"Fetch GitHub commit ID from kodata failed: \"ref: refs/heads/0.8.0-**-support-backwards-incompats\" is not a valid GitHub commit ID"}
{"level":"info","ts":1586351536.0550785,"logger":"fallback-logger","caller":"git/git.go:103","msg":"Successfully cloned https://github.com/cb-kubecd/environment-pr-197-41-boot-gke-staging.git @ master in path /workspace/source"}

Showing logs for build [32mcb-kubecd-environment-pr-197-41-fddq8-1[0m stage [32mfrom-build-pack[0m and container [32mstep-git-merge[0m
Using SHAs from PULL_REFS=master:cbdb624cbbf4abaa21e03e331f1701a5e2c904f9,4:f8d2b381a1f97a79a906be57bc26d5288ff5e22e
DEBUG: LC_ALL=C JX_LOG_LEVEL=error git fetch origin --unshallow f8d2b381a1f97a79a906be57bc26d5288ff5e22e: cbdb624cbbf4abaa21e03e331f1701a5e2c904f9:
DEBUG: ran git fetch --unshallow origin f8d2b381a1f97a79a906be57bc26d5288ff5e22e: cbdb624cbbf4abaa21e03e331f1701a5e2c904f9: in 
DEBUG: LC_ALL=C JX_LOG_LEVEL=error git branch
DEBUG: LC_ALL=C JX_LOG_LEVEL=error git checkout master
DEBUG: ran git checkout master in 
DEBUG: LC_ALL=C JX_LOG_LEVEL=error git reset --hard cbdb624cbbf4abaa21e03e331f1701a5e2c904f9
DEBUG: ran git reset --hard cbdb624cbbf4abaa21e03e331f1701a5e2c904f9 in 
DEBUG: LC_ALL=C JX_LOG_LEVEL=error git clean -fd .
DEBUG: ran clean --force -d . in 
DEBUG: LC_ALL=C JX_LOG_LEVEL=error git merge f8d2b381a1f97a79a906be57bc26d5288ff5e22e
DEBUG: ran git merge f8d2b381a1f97a79a906be57bc26d5288ff5e22e in 
DEBUG: LC_ALL=C JX_LOG_LEVEL=error git log --format=%H%x1f%an%x1f%ae%x1f%cn%x1f%ce%x1f%s%n%b%x1e cbdb624cbbf4abaa21e03e331f1701a5e2c904f9..HEAD
Merged SHA f8d2b381a1f97a79a906be57bc26d5288ff5e22e with commit message 'chore: Promote bdd-sbhg-1586349906 to version 0.0.1' into base branch master

Showing logs for build [32mcb-kubecd-environment-pr-197-41-fddq8-1[0m stage [32mfrom-build-pack[0m and container [32mstep-build-helm-build[0m
WARNING: No $CHART_REPOSITORY defined so using the default value of: http://jenkins-x-chartmuseum:8080
Adding missing Helm repo: storage.googleapis.com https://storage.googleapis.com/chartmuseum.jenkins-x.io
WARNING: No secrets found on "helm/repos" due: reading the secret "helm/repos" from vault: no secret "helm/repos" not found in vault
Read credentials for https://storage.googleapis.com/chartmuseum.jenkins-x.io from vault helm/repos
Successfully added Helm repository storage.googleapis.com.
Adding missing Helm repo: jenkins-x-chartmuseum http://jenkins-x-chartmuseum:8080
WARNING: No secrets found on "helm/repos" due: reading the secret "helm/repos" from vault: no secret "helm/repos" not found in vault
Read credentials for http://jenkins-x-chartmuseum:8080 from vault helm/repos
Successfully added Helm repository jenkins-x-chartmuseum.
WARNING: No $CHART_REPOSITORY defined so using the default value of: http://jenkins-x-chartmuseum:8080
Adding missing Helm repo: chartmuseum.jenkins-x.io http://chartmuseum.jenkins-x.io
WARNING: No secrets found on "helm/repos" due: reading the secret "helm/repos" from vault: no secret "helm/repos" not found in vault
Read credentials for http://chartmuseum.jenkins-x.io from vault helm/repos
Successfully added Helm repository chartmuseum.jenkins-x.io.
