
Showing logs for build [32mcb-kubecd-environment-pr-197-41-xxfbc-1[0m stage [32mfrom-build-pack[0m and container [32mstep-credential-initializer-fgdmh[0m
{"level":"warn","ts":1586349014.0458486,"logger":"fallback-logger","caller":"logging/config.go:69","msg":"Fetch GitHub commit ID from kodata failed: \"ref: refs/heads/0.8.0-**-support-backwards-incompats\" is not a valid GitHub commit ID"}
{"level":"info","ts":1586349014.0468397,"logger":"fallback-logger","caller":"creds-init/main.go:40","msg":"Credentials initialized."}

Showing logs for build [32mcb-kubecd-environment-pr-197-41-xxfbc-1[0m stage [32mfrom-build-pack[0m and container [32mstep-working-dir-initializer-nb67q[0m
{"level":"warn","ts":1586349015.3885374,"logger":"fallback-logger","caller":"logging/config.go:69","msg":"Fetch GitHub commit ID from kodata failed: open /var/run/ko/HEAD: no such file or directory"}
{"level":"info","ts":1586349015.390876,"logger":"fallback-logger","caller":"bash/main.go:64","msg":"Successfully executed command \"sh -c mkdir -p /workspace/source\"; output "}

Showing logs for build [32mcb-kubecd-environment-pr-197-41-xxfbc-1[0m stage [32mfrom-build-pack[0m and container [32mstep-place-tools[0m

Showing logs for build [32mcb-kubecd-environment-pr-197-41-xxfbc-1[0m stage [32mfrom-build-pack[0m and container [32mstep-git-source-cb-kubecd-environment-pr-197-41-xxfbc-fcgst[0m
{"level":"warn","ts":1586349021.2169635,"logger":"fallback-logger","caller":"logging/config.go:69","msg":"Fetch GitHub commit ID from kodata failed: \"ref: refs/heads/0.8.0-**-support-backwards-incompats\" is not a valid GitHub commit ID"}
{"level":"info","ts":1586349022.274245,"logger":"fallback-logger","caller":"git/git.go:103","msg":"Successfully cloned https://github.com/cb-kubecd/environment-pr-197-41-boot-gke-staging.git @ master in path /workspace/source"}

Showing logs for build [32mcb-kubecd-environment-pr-197-41-xxfbc-1[0m stage [32mfrom-build-pack[0m and container [32mstep-git-merge[0m
Using SHAs from PULL_REFS=master:889756f15b7c6d89a6619eb9b6592dc2034e0762,1:cacf71d0083861081927236ad3321be86d6a0bb4
DEBUG: LC_ALL=C JX_LOG_LEVEL=error git fetch origin --unshallow cacf71d0083861081927236ad3321be86d6a0bb4: 889756f15b7c6d89a6619eb9b6592dc2034e0762:
DEBUG: ran git fetch --unshallow origin cacf71d0083861081927236ad3321be86d6a0bb4: 889756f15b7c6d89a6619eb9b6592dc2034e0762: in 
DEBUG: JX_LOG_LEVEL=error LC_ALL=C git branch
DEBUG: LC_ALL=C JX_LOG_LEVEL=error git checkout master
DEBUG: ran git checkout master in 
DEBUG: LC_ALL=C JX_LOG_LEVEL=error git reset --hard 889756f15b7c6d89a6619eb9b6592dc2034e0762
DEBUG: ran git reset --hard 889756f15b7c6d89a6619eb9b6592dc2034e0762 in 
DEBUG: LC_ALL=C JX_LOG_LEVEL=error git clean -fd .
DEBUG: ran clean --force -d . in 
DEBUG: JX_LOG_LEVEL=error LC_ALL=C git merge cacf71d0083861081927236ad3321be86d6a0bb4
DEBUG: ran git merge cacf71d0083861081927236ad3321be86d6a0bb4 in 
DEBUG: LC_ALL=C JX_LOG_LEVEL=error git log --format=%H%x1f%an%x1f%ae%x1f%cn%x1f%ce%x1f%s%n%b%x1e 889756f15b7c6d89a6619eb9b6592dc2034e0762..HEAD
Merged SHA cacf71d0083861081927236ad3321be86d6a0bb4 with commit message 'chore: Promote bdd-spring-1586348651 to version 0.0.1' into base branch master

Showing logs for build [32mcb-kubecd-environment-pr-197-41-xxfbc-1[0m stage [32mfrom-build-pack[0m and container [32mstep-build-helm-build[0m
WARNING: No $CHART_REPOSITORY defined so using the default value of: http://jenkins-x-chartmuseum:8080
Adding missing Helm repo: storage.googleapis.com https://storage.googleapis.com/chartmuseum.jenkins-x.io
WARNING: No secrets found on "helm/repos" due: reading the secret "helm/repos" from vault: no secret "helm/repos" not found in vault
Read credentials for https://storage.googleapis.com/chartmuseum.jenkins-x.io from vault helm/repos
Successfully added Helm repository storage.googleapis.com.
Adding missing Helm repo: jenkins-x-chartmuseum http://jenkins-x-chartmuseum:8080
WARNING: No secrets found on "helm/repos" due: reading the secret "helm/repos" from vault: no secret "helm/repos" not found in vault
Read credentials for http://jenkins-x-chartmuseum:8080 from vault helm/repos
Successfully added Helm repository jenkins-x-chartmuseum.
WARNING: No $CHART_REPOSITORY defined so using the default value of: http://jenkins-x-chartmuseum:8080
Adding missing Helm repo: chartmuseum.jenkins-x.io http://chartmuseum.jenkins-x.io
WARNING: No secrets found on "helm/repos" due: reading the secret "helm/repos" from vault: no secret "helm/repos" not found in vault
Read credentials for http://chartmuseum.jenkins-x.io from vault helm/repos
Successfully added Helm repository chartmuseum.jenkins-x.io.
