
Showing logs for build [32mcb-kubecd-environment-pr-197-41-g5pzq-1[0m stage [32mfrom-build-pack[0m and container [32mstep-credential-initializer-qblnr[0m
{"level":"warn","ts":1586350800.4217072,"logger":"fallback-logger","caller":"logging/config.go:69","msg":"Fetch GitHub commit ID from kodata failed: \"ref: refs/heads/0.8.0-**-support-backwards-incompats\" is not a valid GitHub commit ID"}
{"level":"info","ts":1586350800.4291954,"logger":"fallback-logger","caller":"creds-init/main.go:40","msg":"Credentials initialized."}

Showing logs for build [32mcb-kubecd-environment-pr-197-41-g5pzq-1[0m stage [32mfrom-build-pack[0m and container [32mstep-working-dir-initializer-ssxhx[0m
{"level":"warn","ts":1586350802.007953,"logger":"fallback-logger","caller":"logging/config.go:69","msg":"Fetch GitHub commit ID from kodata failed: open /var/run/ko/HEAD: no such file or directory"}
{"level":"info","ts":1586350802.0093925,"logger":"fallback-logger","caller":"bash/main.go:64","msg":"Successfully executed command \"sh -c mkdir -p /workspace/source\"; output "}

Showing logs for build [32mcb-kubecd-environment-pr-197-41-g5pzq-1[0m stage [32mfrom-build-pack[0m and container [32mstep-place-tools[0m

Showing logs for build [32mcb-kubecd-environment-pr-197-41-g5pzq-1[0m stage [32mfrom-build-pack[0m and container [32mstep-git-source-cb-kubecd-environment-pr-197-41-g5pzq-jxg2d[0m
{"level":"warn","ts":1586350809.7185242,"logger":"fallback-logger","caller":"logging/config.go:69","msg":"Fetch GitHub commit ID from kodata failed: \"ref: refs/heads/0.8.0-**-support-backwards-incompats\" is not a valid GitHub commit ID"}
{"level":"info","ts":1586350810.820659,"logger":"fallback-logger","caller":"git/git.go:103","msg":"Successfully cloned https://github.com/cb-kubecd/environment-pr-197-41-boot-gke-staging.git @ master in path /workspace/source"}

Showing logs for build [32mcb-kubecd-environment-pr-197-41-g5pzq-1[0m stage [32mfrom-build-pack[0m and container [32mstep-git-merge[0m
Using SHAs from PULL_REFS=master:83906c6fbbf59e8b00efb366d1406da7a3e5b98e,3:ff75bcc76a001e13a2e2aa94e2dbfa5c8775da07
DEBUG: LC_ALL=C JX_LOG_LEVEL=error git fetch origin --unshallow ff75bcc76a001e13a2e2aa94e2dbfa5c8775da07: 83906c6fbbf59e8b00efb366d1406da7a3e5b98e:
DEBUG: ran git fetch --unshallow origin ff75bcc76a001e13a2e2aa94e2dbfa5c8775da07: 83906c6fbbf59e8b00efb366d1406da7a3e5b98e: in 
DEBUG: LC_ALL=C JX_LOG_LEVEL=error git branch
DEBUG: LC_ALL=C JX_LOG_LEVEL=error git checkout master
DEBUG: ran git checkout master in 
DEBUG: LC_ALL=C JX_LOG_LEVEL=error git reset --hard 83906c6fbbf59e8b00efb366d1406da7a3e5b98e
DEBUG: ran git reset --hard 83906c6fbbf59e8b00efb366d1406da7a3e5b98e in 
DEBUG: LC_ALL=C JX_LOG_LEVEL=error git clean -fd .
DEBUG: ran clean --force -d . in 
DEBUG: LC_ALL=C JX_LOG_LEVEL=error git merge ff75bcc76a001e13a2e2aa94e2dbfa5c8775da07
DEBUG: ran git merge ff75bcc76a001e13a2e2aa94e2dbfa5c8775da07 in 
DEBUG: LC_ALL=C JX_LOG_LEVEL=error git log --format=%H%x1f%an%x1f%ae%x1f%cn%x1f%ce%x1f%s%n%b%x1e 83906c6fbbf59e8b00efb366d1406da7a3e5b98e..HEAD
Merged SHA ff75bcc76a001e13a2e2aa94e2dbfa5c8775da07 with commit message 'chore: Promote bdd-nh-1586349906 to version 0.0.1' into base branch master

Showing logs for build [32mcb-kubecd-environment-pr-197-41-g5pzq-1[0m stage [32mfrom-build-pack[0m and container [32mstep-build-helm-build[0m
WARNING: No $CHART_REPOSITORY defined so using the default value of: http://jenkins-x-chartmuseum:8080
Adding missing Helm repo: storage.googleapis.com https://storage.googleapis.com/chartmuseum.jenkins-x.io
WARNING: No secrets found on "helm/repos" due: reading the secret "helm/repos" from vault: no secret "helm/repos" not found in vault
Read credentials for https://storage.googleapis.com/chartmuseum.jenkins-x.io from vault helm/repos
Successfully added Helm repository storage.googleapis.com.
Adding missing Helm repo: jenkins-x-chartmuseum http://jenkins-x-chartmuseum:8080
WARNING: No secrets found on "helm/repos" due: reading the secret "helm/repos" from vault: no secret "helm/repos" not found in vault
Read credentials for http://jenkins-x-chartmuseum:8080 from vault helm/repos
Successfully added Helm repository jenkins-x-chartmuseum.
WARNING: No $CHART_REPOSITORY defined so using the default value of: http://jenkins-x-chartmuseum:8080
Adding missing Helm repo: chartmuseum.jenkins-x.io http://chartmuseum.jenkins-x.io
WARNING: No secrets found on "helm/repos" due: reading the secret "helm/repos" from vault: no secret "helm/repos" not found in vault
Read credentials for http://chartmuseum.jenkins-x.io from vault helm/repos
Successfully added Helm repository chartmuseum.jenkins-x.io.
