
Showing logs for build [32mcb-kubecd-environment-pr-197-41-kj2zz-1[0m stage [32mfrom-build-pack[0m and container [32mstep-credential-initializer-dkcp5[0m
{"level":"warn","ts":1586352471.8442202,"logger":"fallback-logger","caller":"logging/config.go:69","msg":"Fetch GitHub commit ID from kodata failed: \"ref: refs/heads/0.8.0-**-support-backwards-incompats\" is not a valid GitHub commit ID"}
{"level":"info","ts":1586352471.8463092,"logger":"fallback-logger","caller":"creds-init/main.go:40","msg":"Credentials initialized."}

Showing logs for build [32mcb-kubecd-environment-pr-197-41-kj2zz-1[0m stage [32mfrom-build-pack[0m and container [32mstep-working-dir-initializer-gwndv[0m
{"level":"warn","ts":1586352473.204978,"logger":"fallback-logger","caller":"logging/config.go:69","msg":"Fetch GitHub commit ID from kodata failed: open /var/run/ko/HEAD: no such file or directory"}
{"level":"info","ts":1586352473.206905,"logger":"fallback-logger","caller":"bash/main.go:64","msg":"Successfully executed command \"sh -c mkdir -p /workspace/source\"; output "}

Showing logs for build [32mcb-kubecd-environment-pr-197-41-kj2zz-1[0m stage [32mfrom-build-pack[0m and container [32mstep-place-tools[0m

Showing logs for build [32mcb-kubecd-environment-pr-197-41-kj2zz-1[0m stage [32mfrom-build-pack[0m and container [32mstep-git-source-cb-kubecd-environment-pr-197-41-kj2zz-89l4t[0m
{"level":"warn","ts":1586352478.3954892,"logger":"fallback-logger","caller":"logging/config.go:69","msg":"Fetch GitHub commit ID from kodata failed: \"ref: refs/heads/0.8.0-**-support-backwards-incompats\" is not a valid GitHub commit ID"}
{"level":"info","ts":1586352479.4867673,"logger":"fallback-logger","caller":"git/git.go:103","msg":"Successfully cloned https://github.com/cb-kubecd/environment-pr-197-41-boot-gke-staging.git @ master in path /workspace/source"}

Showing logs for build [32mcb-kubecd-environment-pr-197-41-kj2zz-1[0m stage [32mfrom-build-pack[0m and container [32mstep-git-merge[0m
Using SHAs from PULL_REFS=master:74f8874e25f1b4955c8d6f6cdb0add0b1cfb63cb,5:38e12d2c09171e1015740f528519fe62280bbc70
DEBUG: LC_ALL=C JX_LOG_LEVEL=error git fetch origin --unshallow 38e12d2c09171e1015740f528519fe62280bbc70: 74f8874e25f1b4955c8d6f6cdb0add0b1cfb63cb:
DEBUG: ran git fetch --unshallow origin 38e12d2c09171e1015740f528519fe62280bbc70: 74f8874e25f1b4955c8d6f6cdb0add0b1cfb63cb: in 
DEBUG: LC_ALL=C JX_LOG_LEVEL=error git branch
DEBUG: JX_LOG_LEVEL=error LC_ALL=C git checkout master
DEBUG: ran git checkout master in 
DEBUG: LC_ALL=C JX_LOG_LEVEL=error git reset --hard 74f8874e25f1b4955c8d6f6cdb0add0b1cfb63cb
DEBUG: ran git reset --hard 74f8874e25f1b4955c8d6f6cdb0add0b1cfb63cb in 
DEBUG: LC_ALL=C JX_LOG_LEVEL=error git clean -fd .
DEBUG: ran clean --force -d . in 
DEBUG: LC_ALL=C JX_LOG_LEVEL=error git merge 38e12d2c09171e1015740f528519fe62280bbc70
DEBUG: ran git merge 38e12d2c09171e1015740f528519fe62280bbc70 in 
DEBUG: JX_LOG_LEVEL=error LC_ALL=C git log --format=%H%x1f%an%x1f%ae%x1f%cn%x1f%ce%x1f%s%n%b%x1e 74f8874e25f1b4955c8d6f6cdb0add0b1cfb63cb..HEAD
Merged SHA 38e12d2c09171e1015740f528519fe62280bbc70 with commit message 'chore: Promote bdd-nh-import-1586352182 to version 0.0.1' into base branch master

Showing logs for build [32mcb-kubecd-environment-pr-197-41-kj2zz-1[0m stage [32mfrom-build-pack[0m and container [32mstep-build-helm-build[0m
WARNING: No $CHART_REPOSITORY defined so using the default value of: http://jenkins-x-chartmuseum:8080
Adding missing Helm repo: storage.googleapis.com https://storage.googleapis.com/chartmuseum.jenkins-x.io
WARNING: No secrets found on "helm/repos" due: reading the secret "helm/repos" from vault: no secret "helm/repos" not found in vault
Read credentials for https://storage.googleapis.com/chartmuseum.jenkins-x.io from vault helm/repos
Successfully added Helm repository storage.googleapis.com.
Adding missing Helm repo: jenkins-x-chartmuseum http://jenkins-x-chartmuseum:8080
WARNING: No secrets found on "helm/repos" due: reading the secret "helm/repos" from vault: no secret "helm/repos" not found in vault
Read credentials for http://jenkins-x-chartmuseum:8080 from vault helm/repos
Successfully added Helm repository jenkins-x-chartmuseum.
WARNING: No $CHART_REPOSITORY defined so using the default value of: http://jenkins-x-chartmuseum:8080
Adding missing Helm repo: chartmuseum.jenkins-x.io http://chartmuseum.jenkins-x.io
WARNING: No secrets found on "helm/repos" due: reading the secret "helm/repos" from vault: no secret "helm/repos" not found in vault
Read credentials for http://chartmuseum.jenkins-x.io from vault helm/repos
Successfully added Helm repository chartmuseum.jenkins-x.io.
